<?xml version="1.0" encoding="UTF-8"?>
<!-- Generated by org.testng.reporters.JUnitXMLReporter -->
<testsuite hostname="LAPTOP-IVDTKOOS" ignored="3" name="Dashboard" tests="13" failures="3" timestamp="2022-06-13T17:49:56 IST" time="407.923" errors="0">
  <testcase name="verifyEachFileShouldBeTiedToOneActionTest" time="27.502" classname="testCases.BulkActionsTest"/>
  <testcase name="verifyNewlyUploadedFileReflectsInListTest" time="14.724" classname="testCases.BulkActionsTest"/>
  <testcase name="verifyUserAbleToUploadCsvTypeFileTest" time="14.662" classname="testCases.BulkActionsTest"/>
  <testcase name="verifyUserAbleToUploadExcelTypeFile" time="9.171" classname="testCases.BulkActionsTest">
    <failure type="java.lang.AssertionError" message="The following asserts failed:
	Excel type file not accepted expected [true] but found [false]">
      <![CDATA[java.lang.AssertionError: The following asserts failed:
Excel type file not accepted expected [true] but found [false]
at testCases.BulkActionsTest.verifyUserAbleToUploadExcelTypeFile(BulkActionsTest.java:38)
at java.util.ArrayList.forEach(ArrayList.java:1259)
... Removed 33 stack frames]]>
    </failure>
  </testcase> <!-- verifyUserAbleToUploadExcelTypeFile -->
  <testcase name="verifyUserAbleToUploadTxtTypeFileTest" time="10.471" classname="testCases.BulkActionsTest">
    <failure type="java.lang.AssertionError" message="The following asserts failed:
	Text type file not accepted expected [true] but found [false]">
      <![CDATA[java.lang.AssertionError: The following asserts failed:
Text type file not accepted expected [true] but found [false]
at testCases.BulkActionsTest.verifyUserAbleToUploadTxtTypeFileTest(BulkActionsTest.java:54)
at java.util.ArrayList.forEach(ArrayList.java:1259)
... Removed 33 stack frames]]>
    </failure>
  </testcase> <!-- verifyUserAbleToUploadTxtTypeFileTest -->
  <testcase name="verifyUserNotAbleToUploadPDFTypeFileTest" time="11.335" classname="testCases.BulkActionsTest"/>
  <testcase name="VerifyNonAuthorizedUserShouldNotHaveAccessToRewardDetailPageTest" time="1.007" classname="testCases.OverviewTest"/>
  <testcase name="verifyAdminHasSufficientPermissionToVisitBulkFileUploadPage" time="3.707" classname="testCases.OverviewTest"/>
  <testcase name="verifyRewardAdminDoesNotHaveAccessToOtherSectionsTest" time="152.847" classname="testCases.OverviewTest"/>
  <testcase name="verifyRewardAdminHasSufficientPermissionToCreateRewardTest" time="2.835" classname="testCases.OverviewTest"/>
  <testcase name="newlyCreatedRewardPresentInListTest" time="15.842" classname="testCases.RewardsTest"/>
  <testcase name="verifyClickingCreateNewButtonLeadsToRewardCreationPageTest" time="5.358" classname="testCases.RewardsTest"/>
  <testcase name="verifyBrandsTagsCategoriesLabelsFieldDisappersInPrivateTypeRewardTest" time="39.336" classname="testCases.RewardCreationTest">
    <failure type="java.lang.AssertionError" message="The following asserts failed:
	fields did not disappear on private type of reward expected [true] but found [false]">
      <![CDATA[java.lang.AssertionError: The following asserts failed:
fields did not disappear on private type of reward expected [true] but found [false]
at testCases.RewardCreationTest.verifyBrandsTagsCategoriesLabelsFieldDisappersInPrivateTypeRewardTest(RewardCreationTest.java:72)
at java.util.ArrayList.forEach(ArrayList.java:1259)
... Removed 33 stack frames]]>
    </failure>
  </testcase> <!-- verifyBrandsTagsCategoriesLabelsFieldDisappersInPrivateTypeRewardTest -->
  <testcase name="@BeforeSuite startLogs" time="0.0" classname="commons.TestBase">
    <ignored/>
  </testcase> <!-- @BeforeSuite startLogs -->
  <testcase name="@BeforeSuite startLogs" time="0.0" classname="commons.TestBase">
    <ignored/>
  </testcase> <!-- @BeforeSuite startLogs -->
  <testcase name="@BeforeSuite startLogs" time="0.0" classname="commons.TestBase">
    <ignored/>
  </testcase> <!-- @BeforeSuite startLogs -->
</testsuite> <!-- Dashboard -->
