<?xml version="1.0" encoding="UTF-8"?>
<testng-results skipped="0" failed="3" ignored="3" total="16" passed="10">
  <reporter-output>
  </reporter-output>
  <suite name="PerxTech" duration-ms="407923" started-at="2022-06-13T17:43:08 IST" finished-at="2022-06-13T17:49:56 IST">
    <groups>
    </groups>
    <test name="Dashboard" duration-ms="407923" started-at="2022-06-13T17:43:08 IST" finished-at="2022-06-13T17:49:56 IST">
      <class name="testCases.RewardCreationTest">
        <test-method status="PASS" signature="setUp()[pri:0, instance:testCases.RewardCreationTest@e874448]" name="setUp" is-config="true" duration-ms="1790" started-at="2022-06-13T17:49:05 IST" finished-at="2022-06-13T17:49:06 IST">
          <reporter-output>
          </reporter-output>
        </test-method> <!-- setUp -->
        <test-method status="PASS" signature="openPage()[pri:0, instance:testCases.RewardCreationTest@e874448]" name="openPage" is-config="true" duration-ms="2911" started-at="2022-06-13T17:49:06 IST" finished-at="2022-06-13T17:49:09 IST">
          <reporter-output>
          </reporter-output>
        </test-method> <!-- openPage -->
        <test-method status="FAIL" signature="verifyBrandsTagsCategoriesLabelsFieldDisappersInPrivateTypeRewardTest()[pri:0, instance:testCases.RewardCreationTest@e874448]" name="verifyBrandsTagsCategoriesLabelsFieldDisappersInPrivateTypeRewardTest" duration-ms="39336" started-at="2022-06-13T17:49:09 IST" finished-at="2022-06-13T17:49:49 IST">
          <exception class="java.lang.AssertionError">
            <message>
              <![CDATA[The following asserts failed:
fields did not disappear on private type of reward expected [true] but found [false]]]>
            </message>
            <full-stacktrace>
              <![CDATA[java.lang.AssertionError: The following asserts failed:
fields did not disappear on private type of reward expected [true] but found [false]
at org.testng.asserts.SoftAssert.assertAll(SoftAssert.java:47)
at org.testng.asserts.SoftAssert.assertAll(SoftAssert.java:31)
at testCases.RewardCreationTest.verifyBrandsTagsCategoriesLabelsFieldDisappersInPrivateTypeRewardTest(RewardCreationTest.java:72)
at sun.reflect.NativeMethodAccessorImpl.invoke0(Native Method)
at sun.reflect.NativeMethodAccessorImpl.invoke(NativeMethodAccessorImpl.java:62)
at sun.reflect.DelegatingMethodAccessorImpl.invoke(DelegatingMethodAccessorImpl.java:43)
at java.lang.reflect.Method.invoke(Method.java:498)
at org.testng.internal.MethodInvocationHelper.invokeMethod(MethodInvocationHelper.java:132)
at org.testng.internal.TestInvoker.invokeMethod(TestInvoker.java:599)
at org.testng.internal.TestInvoker.invokeTestMethod(TestInvoker.java:174)
at org.testng.internal.MethodRunner.runInSequence(MethodRunner.java:46)
at org.testng.internal.TestInvoker$MethodInvocationAgent.invoke(TestInvoker.java:822)
at org.testng.internal.TestInvoker.invokeTestMethods(TestInvoker.java:147)
at org.testng.internal.TestMethodWorker.invokeTestMethods(TestMethodWorker.java:146)
at org.testng.internal.TestMethodWorker.run(TestMethodWorker.java:128)
at java.util.ArrayList.forEach(ArrayList.java:1259)
at org.testng.TestRunner.privateRun(TestRunner.java:764)
at org.testng.TestRunner.run(TestRunner.java:585)
at org.testng.SuiteRunner.runTest(SuiteRunner.java:384)
at org.testng.SuiteRunner.runSequentially(SuiteRunner.java:378)
at org.testng.SuiteRunner.privateRun(SuiteRunner.java:337)
at org.testng.SuiteRunner.run(SuiteRunner.java:286)
at org.testng.SuiteRunnerWorker.runSuite(SuiteRunnerWorker.java:53)
at org.testng.SuiteRunnerWorker.run(SuiteRunnerWorker.java:96)
at org.testng.TestNG.runSuitesSequentially(TestNG.java:1218)
at org.testng.TestNG.runSuitesLocally(TestNG.java:1140)
at org.testng.TestNG.runSuites(TestNG.java:1069)
at org.testng.TestNG.run(TestNG.java:1037)
at org.apache.maven.surefire.testng.TestNGExecutor.run(TestNGExecutor.java:283)
at org.apache.maven.surefire.testng.TestNGXmlTestSuite.execute(TestNGXmlTestSuite.java:75)
at org.apache.maven.surefire.testng.TestNGProvider.invoke(TestNGProvider.java:120)
at org.apache.maven.surefire.booter.ForkedBooter.runSuitesInProcess(ForkedBooter.java:377)
at org.apache.maven.surefire.booter.ForkedBooter.execute(ForkedBooter.java:138)
at org.apache.maven.surefire.booter.ForkedBooter.run(ForkedBooter.java:465)
at org.apache.maven.surefire.booter.ForkedBooter.main(ForkedBooter.java:451)
]]>
            </full-stacktrace>
          </exception> <!-- java.lang.AssertionError -->
          <reporter-output>
          </reporter-output>
        </test-method> <!-- verifyBrandsTagsCategoriesLabelsFieldDisappersInPrivateTypeRewardTest -->
        <test-method status="PASS" signature="tearDown()[pri:0, instance:testCases.RewardCreationTest@e874448]" name="tearDown" is-config="true" duration-ms="4150" started-at="2022-06-13T17:49:52 IST" finished-at="2022-06-13T17:49:56 IST">
          <reporter-output>
          </reporter-output>
        </test-method> <!-- tearDown -->
      </class> <!-- testCases.RewardCreationTest -->
      <class name="testCases.OverviewTest">
        <test-method status="PASS" signature="setUp()[pri:0, instance:testCases.OverviewTest@7ce6a65d]" name="setUp" is-config="true" duration-ms="1470" started-at="2022-06-13T17:45:25 IST" finished-at="2022-06-13T17:45:27 IST">
          <reporter-output>
          </reporter-output>
        </test-method> <!-- setUp -->
        <test-method status="PASS" signature="openPage()[pri:0, instance:testCases.OverviewTest@7ce6a65d]" name="openPage" is-config="true" duration-ms="3026" started-at="2022-06-13T17:45:27 IST" finished-at="2022-06-13T17:45:30 IST">
          <reporter-output>
          </reporter-output>
        </test-method> <!-- openPage -->
        <test-method status="PASS" signature="VerifyNonAuthorizedUserShouldNotHaveAccessToRewardDetailPageTest()[pri:0, instance:testCases.OverviewTest@7ce6a65d]" name="VerifyNonAuthorizedUserShouldNotHaveAccessToRewardDetailPageTest" duration-ms="1007" started-at="2022-06-13T17:45:30 IST" finished-at="2022-06-13T17:45:31 IST">
          <reporter-output>
          </reporter-output>
        </test-method> <!-- VerifyNonAuthorizedUserShouldNotHaveAccessToRewardDetailPageTest -->
        <test-method status="PASS" signature="tearDown()[pri:0, instance:testCases.OverviewTest@7ce6a65d]" name="tearDown" is-config="true" duration-ms="185" started-at="2022-06-13T17:45:31 IST" finished-at="2022-06-13T17:45:31 IST">
          <reporter-output>
          </reporter-output>
        </test-method> <!-- tearDown -->
        <test-method status="PASS" signature="setUp()[pri:0, instance:testCases.OverviewTest@7ce6a65d]" name="setUp" is-config="true" duration-ms="1592" started-at="2022-06-13T17:45:31 IST" finished-at="2022-06-13T17:45:33 IST">
          <reporter-output>
          </reporter-output>
        </test-method> <!-- setUp -->
        <test-method status="PASS" signature="openPage()[pri:0, instance:testCases.OverviewTest@7ce6a65d]" name="openPage" is-config="true" duration-ms="2833" started-at="2022-06-13T17:45:33 IST" finished-at="2022-06-13T17:45:36 IST">
          <reporter-output>
          </reporter-output>
        </test-method> <!-- openPage -->
        <test-method status="PASS" signature="verifyAdminHasSufficientPermissionToVisitBulkFileUploadPage()[pri:0, instance:testCases.OverviewTest@7ce6a65d]" name="verifyAdminHasSufficientPermissionToVisitBulkFileUploadPage" duration-ms="3707" started-at="2022-06-13T17:45:36 IST" finished-at="2022-06-13T17:45:39 IST">
          <reporter-output>
          </reporter-output>
        </test-method> <!-- verifyAdminHasSufficientPermissionToVisitBulkFileUploadPage -->
        <test-method status="PASS" signature="tearDown()[pri:0, instance:testCases.OverviewTest@7ce6a65d]" name="tearDown" is-config="true" duration-ms="4216" started-at="2022-06-13T17:45:39 IST" finished-at="2022-06-13T17:45:44 IST">
          <reporter-output>
          </reporter-output>
        </test-method> <!-- tearDown -->
        <test-method status="PASS" signature="setUp()[pri:0, instance:testCases.OverviewTest@7ce6a65d]" name="setUp" is-config="true" duration-ms="1502" started-at="2022-06-13T17:45:44 IST" finished-at="2022-06-13T17:45:45 IST">
          <reporter-output>
          </reporter-output>
        </test-method> <!-- setUp -->
        <test-method status="PASS" signature="openPage()[pri:0, instance:testCases.OverviewTest@7ce6a65d]" name="openPage" is-config="true" duration-ms="2845" started-at="2022-06-13T17:45:45 IST" finished-at="2022-06-13T17:45:48 IST">
          <reporter-output>
          </reporter-output>
        </test-method> <!-- openPage -->
        <test-method status="PASS" signature="verifyRewardAdminDoesNotHaveAccessToOtherSectionsTest()[pri:0, instance:testCases.OverviewTest@7ce6a65d]" name="verifyRewardAdminDoesNotHaveAccessToOtherSectionsTest" duration-ms="152847" started-at="2022-06-13T17:45:48 IST" finished-at="2022-06-13T17:48:21 IST">
          <reporter-output>
          </reporter-output>
        </test-method> <!-- verifyRewardAdminDoesNotHaveAccessToOtherSectionsTest -->
        <test-method status="PASS" signature="tearDown()[pri:0, instance:testCases.OverviewTest@7ce6a65d]" name="tearDown" is-config="true" duration-ms="4177" started-at="2022-06-13T17:48:21 IST" finished-at="2022-06-13T17:48:25 IST">
          <reporter-output>
          </reporter-output>
        </test-method> <!-- tearDown -->
        <test-method status="PASS" signature="setUp()[pri:0, instance:testCases.OverviewTest@7ce6a65d]" name="setUp" is-config="true" duration-ms="1922" started-at="2022-06-13T17:48:25 IST" finished-at="2022-06-13T17:48:27 IST">
          <reporter-output>
          </reporter-output>
        </test-method> <!-- setUp -->
        <test-method status="PASS" signature="openPage()[pri:0, instance:testCases.OverviewTest@7ce6a65d]" name="openPage" is-config="true" duration-ms="3291" started-at="2022-06-13T17:48:27 IST" finished-at="2022-06-13T17:48:30 IST">
          <reporter-output>
          </reporter-output>
        </test-method> <!-- openPage -->
        <test-method status="PASS" signature="verifyRewardAdminHasSufficientPermissionToCreateRewardTest()[pri:0, instance:testCases.OverviewTest@7ce6a65d]" name="verifyRewardAdminHasSufficientPermissionToCreateRewardTest" duration-ms="2835" started-at="2022-06-13T17:48:30 IST" finished-at="2022-06-13T17:48:33 IST">
          <reporter-output>
          </reporter-output>
        </test-method> <!-- verifyRewardAdminHasSufficientPermissionToCreateRewardTest -->
        <test-method status="PASS" signature="tearDown()[pri:0, instance:testCases.OverviewTest@7ce6a65d]" name="tearDown" is-config="true" duration-ms="192" started-at="2022-06-13T17:48:33 IST" finished-at="2022-06-13T17:48:33 IST">
          <reporter-output>
          </reporter-output>
        </test-method> <!-- tearDown -->
      </class> <!-- testCases.OverviewTest -->
      <class name="testCases.BulkActionsTest">
        <test-method status="PASS" signature="startLogs()[pri:0, instance:testCases.BulkActionsTest@4abdb505]" name="startLogs" is-config="true" duration-ms="21" started-at="2022-06-13T17:43:08 IST" finished-at="2022-06-13T17:43:08 IST">
          <reporter-output>
          </reporter-output>
        </test-method> <!-- startLogs -->
        <test-method status="PASS" signature="setUp()[pri:0, instance:testCases.BulkActionsTest@4abdb505]" name="setUp" is-config="true" duration-ms="7782" started-at="2022-06-13T17:43:08 IST" finished-at="2022-06-13T17:43:16 IST">
          <reporter-output>
          </reporter-output>
        </test-method> <!-- setUp -->
        <test-method status="PASS" signature="openPage()[pri:0, instance:testCases.BulkActionsTest@4abdb505]" name="openPage" is-config="true" duration-ms="4033" started-at="2022-06-13T17:43:16 IST" finished-at="2022-06-13T17:43:20 IST">
          <reporter-output>
          </reporter-output>
        </test-method> <!-- openPage -->
        <test-method status="PASS" signature="verifyEachFileShouldBeTiedToOneActionTest()[pri:0, instance:testCases.BulkActionsTest@4abdb505]" name="verifyEachFileShouldBeTiedToOneActionTest" duration-ms="27502" started-at="2022-06-13T17:43:20 IST" finished-at="2022-06-13T17:43:47 IST">
          <reporter-output>
          </reporter-output>
        </test-method> <!-- verifyEachFileShouldBeTiedToOneActionTest -->
        <test-method status="PASS" signature="tearDown()[pri:0, instance:testCases.BulkActionsTest@4abdb505]" name="tearDown" is-config="true" duration-ms="871" started-at="2022-06-13T17:43:47 IST" finished-at="2022-06-13T17:43:48 IST">
          <reporter-output>
          </reporter-output>
        </test-method> <!-- tearDown -->
        <test-method status="PASS" signature="setUp()[pri:0, instance:testCases.BulkActionsTest@4abdb505]" name="setUp" is-config="true" duration-ms="2889" started-at="2022-06-13T17:43:48 IST" finished-at="2022-06-13T17:43:51 IST">
          <reporter-output>
          </reporter-output>
        </test-method> <!-- setUp -->
        <test-method status="PASS" signature="openPage()[pri:0, instance:testCases.BulkActionsTest@4abdb505]" name="openPage" is-config="true" duration-ms="3137" started-at="2022-06-13T17:43:51 IST" finished-at="2022-06-13T17:43:54 IST">
          <reporter-output>
          </reporter-output>
        </test-method> <!-- openPage -->
        <test-method status="PASS" signature="verifyNewlyUploadedFileReflectsInListTest()[pri:0, instance:testCases.BulkActionsTest@4abdb505]" name="verifyNewlyUploadedFileReflectsInListTest" duration-ms="14724" started-at="2022-06-13T17:43:54 IST" finished-at="2022-06-13T17:44:09 IST">
          <reporter-output>
          </reporter-output>
        </test-method> <!-- verifyNewlyUploadedFileReflectsInListTest -->
        <test-method status="PASS" signature="tearDown()[pri:0, instance:testCases.BulkActionsTest@4abdb505]" name="tearDown" is-config="true" duration-ms="302" started-at="2022-06-13T17:44:09 IST" finished-at="2022-06-13T17:44:09 IST">
          <reporter-output>
          </reporter-output>
        </test-method> <!-- tearDown -->
        <test-method status="PASS" signature="setUp()[pri:0, instance:testCases.BulkActionsTest@4abdb505]" name="setUp" is-config="true" duration-ms="2320" started-at="2022-06-13T17:44:09 IST" finished-at="2022-06-13T17:44:12 IST">
          <reporter-output>
          </reporter-output>
        </test-method> <!-- setUp -->
        <test-method status="PASS" signature="openPage()[pri:0, instance:testCases.BulkActionsTest@4abdb505]" name="openPage" is-config="true" duration-ms="2965" started-at="2022-06-13T17:44:12 IST" finished-at="2022-06-13T17:44:15 IST">
          <reporter-output>
          </reporter-output>
        </test-method> <!-- openPage -->
        <test-method status="PASS" signature="verifyUserAbleToUploadCsvTypeFileTest()[pri:0, instance:testCases.BulkActionsTest@4abdb505]" name="verifyUserAbleToUploadCsvTypeFileTest" duration-ms="14662" started-at="2022-06-13T17:44:15 IST" finished-at="2022-06-13T17:44:29 IST">
          <reporter-output>
          </reporter-output>
        </test-method> <!-- verifyUserAbleToUploadCsvTypeFileTest -->
        <test-method status="PASS" signature="tearDown()[pri:0, instance:testCases.BulkActionsTest@4abdb505]" name="tearDown" is-config="true" duration-ms="209" started-at="2022-06-13T17:44:29 IST" finished-at="2022-06-13T17:44:30 IST">
          <reporter-output>
          </reporter-output>
        </test-method> <!-- tearDown -->
        <test-method status="PASS" signature="setUp()[pri:0, instance:testCases.BulkActionsTest@4abdb505]" name="setUp" is-config="true" duration-ms="3951" started-at="2022-06-13T17:44:30 IST" finished-at="2022-06-13T17:44:34 IST">
          <reporter-output>
          </reporter-output>
        </test-method> <!-- setUp -->
        <test-method status="PASS" signature="openPage()[pri:0, instance:testCases.BulkActionsTest@4abdb505]" name="openPage" is-config="true" duration-ms="3336" started-at="2022-06-13T17:44:34 IST" finished-at="2022-06-13T17:44:37 IST">
          <reporter-output>
          </reporter-output>
        </test-method> <!-- openPage -->
        <test-method status="FAIL" signature="verifyUserAbleToUploadExcelTypeFile()[pri:0, instance:testCases.BulkActionsTest@4abdb505]" name="verifyUserAbleToUploadExcelTypeFile" duration-ms="9171" started-at="2022-06-13T17:44:37 IST" finished-at="2022-06-13T17:44:46 IST">
          <exception class="java.lang.AssertionError">
            <message>
              <![CDATA[The following asserts failed:
Excel type file not accepted expected [true] but found [false]]]>
            </message>
            <full-stacktrace>
              <![CDATA[java.lang.AssertionError: The following asserts failed:
Excel type file not accepted expected [true] but found [false]
at org.testng.asserts.SoftAssert.assertAll(SoftAssert.java:47)
at org.testng.asserts.SoftAssert.assertAll(SoftAssert.java:31)
at testCases.BulkActionsTest.verifyUserAbleToUploadExcelTypeFile(BulkActionsTest.java:38)
at sun.reflect.NativeMethodAccessorImpl.invoke0(Native Method)
at sun.reflect.NativeMethodAccessorImpl.invoke(NativeMethodAccessorImpl.java:62)
at sun.reflect.DelegatingMethodAccessorImpl.invoke(DelegatingMethodAccessorImpl.java:43)
at java.lang.reflect.Method.invoke(Method.java:498)
at org.testng.internal.MethodInvocationHelper.invokeMethod(MethodInvocationHelper.java:132)
at org.testng.internal.TestInvoker.invokeMethod(TestInvoker.java:599)
at org.testng.internal.TestInvoker.invokeTestMethod(TestInvoker.java:174)
at org.testng.internal.MethodRunner.runInSequence(MethodRunner.java:46)
at org.testng.internal.TestInvoker$MethodInvocationAgent.invoke(TestInvoker.java:822)
at org.testng.internal.TestInvoker.invokeTestMethods(TestInvoker.java:147)
at org.testng.internal.TestMethodWorker.invokeTestMethods(TestMethodWorker.java:146)
at org.testng.internal.TestMethodWorker.run(TestMethodWorker.java:128)
at java.util.ArrayList.forEach(ArrayList.java:1259)
at org.testng.TestRunner.privateRun(TestRunner.java:764)
at org.testng.TestRunner.run(TestRunner.java:585)
at org.testng.SuiteRunner.runTest(SuiteRunner.java:384)
at org.testng.SuiteRunner.runSequentially(SuiteRunner.java:378)
at org.testng.SuiteRunner.privateRun(SuiteRunner.java:337)
at org.testng.SuiteRunner.run(SuiteRunner.java:286)
at org.testng.SuiteRunnerWorker.runSuite(SuiteRunnerWorker.java:53)
at org.testng.SuiteRunnerWorker.run(SuiteRunnerWorker.java:96)
at org.testng.TestNG.runSuitesSequentially(TestNG.java:1218)
at org.testng.TestNG.runSuitesLocally(TestNG.java:1140)
at org.testng.TestNG.runSuites(TestNG.java:1069)
at org.testng.TestNG.run(TestNG.java:1037)
at org.apache.maven.surefire.testng.TestNGExecutor.run(TestNGExecutor.java:283)
at org.apache.maven.surefire.testng.TestNGXmlTestSuite.execute(TestNGXmlTestSuite.java:75)
at org.apache.maven.surefire.testng.TestNGProvider.invoke(TestNGProvider.java:120)
at org.apache.maven.surefire.booter.ForkedBooter.runSuitesInProcess(ForkedBooter.java:377)
at org.apache.maven.surefire.booter.ForkedBooter.execute(ForkedBooter.java:138)
at org.apache.maven.surefire.booter.ForkedBooter.run(ForkedBooter.java:465)
at org.apache.maven.surefire.booter.ForkedBooter.main(ForkedBooter.java:451)
]]>
            </full-stacktrace>
          </exception> <!-- java.lang.AssertionError -->
          <reporter-output>
          </reporter-output>
        </test-method> <!-- verifyUserAbleToUploadExcelTypeFile -->
        <test-method status="PASS" signature="tearDown()[pri:0, instance:testCases.BulkActionsTest@4abdb505]" name="tearDown" is-config="true" duration-ms="208" started-at="2022-06-13T17:44:49 IST" finished-at="2022-06-13T17:44:50 IST">
          <reporter-output>
          </reporter-output>
        </test-method> <!-- tearDown -->
        <test-method status="PASS" signature="setUp()[pri:0, instance:testCases.BulkActionsTest@4abdb505]" name="setUp" is-config="true" duration-ms="1931" started-at="2022-06-13T17:44:50 IST" finished-at="2022-06-13T17:44:52 IST">
          <reporter-output>
          </reporter-output>
        </test-method> <!-- setUp -->
        <test-method status="PASS" signature="openPage()[pri:0, instance:testCases.BulkActionsTest@4abdb505]" name="openPage" is-config="true" duration-ms="2849" started-at="2022-06-13T17:44:52 IST" finished-at="2022-06-13T17:44:54 IST">
          <reporter-output>
          </reporter-output>
        </test-method> <!-- openPage -->
        <test-method status="FAIL" signature="verifyUserAbleToUploadTxtTypeFileTest()[pri:0, instance:testCases.BulkActionsTest@4abdb505]" name="verifyUserAbleToUploadTxtTypeFileTest" duration-ms="10471" started-at="2022-06-13T17:44:54 IST" finished-at="2022-06-13T17:45:05 IST">
          <exception class="java.lang.AssertionError">
            <message>
              <![CDATA[The following asserts failed:
Text type file not accepted expected [true] but found [false]]]>
            </message>
            <full-stacktrace>
              <![CDATA[java.lang.AssertionError: The following asserts failed:
Text type file not accepted expected [true] but found [false]
at org.testng.asserts.SoftAssert.assertAll(SoftAssert.java:47)
at org.testng.asserts.SoftAssert.assertAll(SoftAssert.java:31)
at testCases.BulkActionsTest.verifyUserAbleToUploadTxtTypeFileTest(BulkActionsTest.java:54)
at sun.reflect.NativeMethodAccessorImpl.invoke0(Native Method)
at sun.reflect.NativeMethodAccessorImpl.invoke(NativeMethodAccessorImpl.java:62)
at sun.reflect.DelegatingMethodAccessorImpl.invoke(DelegatingMethodAccessorImpl.java:43)
at java.lang.reflect.Method.invoke(Method.java:498)
at org.testng.internal.MethodInvocationHelper.invokeMethod(MethodInvocationHelper.java:132)
at org.testng.internal.TestInvoker.invokeMethod(TestInvoker.java:599)
at org.testng.internal.TestInvoker.invokeTestMethod(TestInvoker.java:174)
at org.testng.internal.MethodRunner.runInSequence(MethodRunner.java:46)
at org.testng.internal.TestInvoker$MethodInvocationAgent.invoke(TestInvoker.java:822)
at org.testng.internal.TestInvoker.invokeTestMethods(TestInvoker.java:147)
at org.testng.internal.TestMethodWorker.invokeTestMethods(TestMethodWorker.java:146)
at org.testng.internal.TestMethodWorker.run(TestMethodWorker.java:128)
at java.util.ArrayList.forEach(ArrayList.java:1259)
at org.testng.TestRunner.privateRun(TestRunner.java:764)
at org.testng.TestRunner.run(TestRunner.java:585)
at org.testng.SuiteRunner.runTest(SuiteRunner.java:384)
at org.testng.SuiteRunner.runSequentially(SuiteRunner.java:378)
at org.testng.SuiteRunner.privateRun(SuiteRunner.java:337)
at org.testng.SuiteRunner.run(SuiteRunner.java:286)
at org.testng.SuiteRunnerWorker.runSuite(SuiteRunnerWorker.java:53)
at org.testng.SuiteRunnerWorker.run(SuiteRunnerWorker.java:96)
at org.testng.TestNG.runSuitesSequentially(TestNG.java:1218)
at org.testng.TestNG.runSuitesLocally(TestNG.java:1140)
at org.testng.TestNG.runSuites(TestNG.java:1069)
at org.testng.TestNG.run(TestNG.java:1037)
at org.apache.maven.surefire.testng.TestNGExecutor.run(TestNGExecutor.java:283)
at org.apache.maven.surefire.testng.TestNGXmlTestSuite.execute(TestNGXmlTestSuite.java:75)
at org.apache.maven.surefire.testng.TestNGProvider.invoke(TestNGProvider.java:120)
at org.apache.maven.surefire.booter.ForkedBooter.runSuitesInProcess(ForkedBooter.java:377)
at org.apache.maven.surefire.booter.ForkedBooter.execute(ForkedBooter.java:138)
at org.apache.maven.surefire.booter.ForkedBooter.run(ForkedBooter.java:465)
at org.apache.maven.surefire.booter.ForkedBooter.main(ForkedBooter.java:451)
]]>
            </full-stacktrace>
          </exception> <!-- java.lang.AssertionError -->
          <reporter-output>
          </reporter-output>
        </test-method> <!-- verifyUserAbleToUploadTxtTypeFileTest -->
        <test-method status="PASS" signature="tearDown()[pri:0, instance:testCases.BulkActionsTest@4abdb505]" name="tearDown" is-config="true" duration-ms="335" started-at="2022-06-13T17:45:08 IST" finished-at="2022-06-13T17:45:08 IST">
          <reporter-output>
          </reporter-output>
        </test-method> <!-- tearDown -->
        <test-method status="PASS" signature="setUp()[pri:0, instance:testCases.BulkActionsTest@4abdb505]" name="setUp" is-config="true" duration-ms="1954" started-at="2022-06-13T17:45:08 IST" finished-at="2022-06-13T17:45:10 IST">
          <reporter-output>
          </reporter-output>
        </test-method> <!-- setUp -->
        <test-method status="PASS" signature="openPage()[pri:0, instance:testCases.BulkActionsTest@4abdb505]" name="openPage" is-config="true" duration-ms="3592" started-at="2022-06-13T17:45:10 IST" finished-at="2022-06-13T17:45:14 IST">
          <reporter-output>
          </reporter-output>
        </test-method> <!-- openPage -->
        <test-method status="PASS" signature="verifyUserNotAbleToUploadPDFTypeFileTest()[pri:0, instance:testCases.BulkActionsTest@4abdb505]" name="verifyUserNotAbleToUploadPDFTypeFileTest" duration-ms="11335" started-at="2022-06-13T17:45:14 IST" finished-at="2022-06-13T17:45:25 IST">
          <reporter-output>
          </reporter-output>
        </test-method> <!-- verifyUserNotAbleToUploadPDFTypeFileTest -->
        <test-method status="PASS" signature="tearDown()[pri:0, instance:testCases.BulkActionsTest@4abdb505]" name="tearDown" is-config="true" duration-ms="190" started-at="2022-06-13T17:45:25 IST" finished-at="2022-06-13T17:45:25 IST">
          <reporter-output>
          </reporter-output>
        </test-method> <!-- tearDown -->
      </class> <!-- testCases.BulkActionsTest -->
      <class name="testCases.RewardsTest">
        <test-method status="PASS" signature="setUp()[pri:0, instance:testCases.RewardsTest@1500955a]" name="setUp" is-config="true" duration-ms="1774" started-at="2022-06-13T17:48:33 IST" finished-at="2022-06-13T17:48:35 IST">
          <reporter-output>
          </reporter-output>
        </test-method> <!-- setUp -->
        <test-method status="PASS" signature="openPage()[pri:0, instance:testCases.RewardsTest@1500955a]" name="openPage" is-config="true" duration-ms="3037" started-at="2022-06-13T17:48:35 IST" finished-at="2022-06-13T17:48:38 IST">
          <reporter-output>
          </reporter-output>
        </test-method> <!-- openPage -->
        <test-method status="PASS" signature="newlyCreatedRewardPresentInListTest()[pri:0, instance:testCases.RewardsTest@1500955a]" name="newlyCreatedRewardPresentInListTest" duration-ms="15842" started-at="2022-06-13T17:48:38 IST" finished-at="2022-06-13T17:48:54 IST">
          <reporter-output>
          </reporter-output>
        </test-method> <!-- newlyCreatedRewardPresentInListTest -->
        <test-method status="PASS" signature="tearDown()[pri:0, instance:testCases.RewardsTest@1500955a]" name="tearDown" is-config="true" duration-ms="162" started-at="2022-06-13T17:48:54 IST" finished-at="2022-06-13T17:48:54 IST">
          <reporter-output>
          </reporter-output>
        </test-method> <!-- tearDown -->
        <test-method status="PASS" signature="setUp()[pri:0, instance:testCases.RewardsTest@1500955a]" name="setUp" is-config="true" duration-ms="2216" started-at="2022-06-13T17:48:54 IST" finished-at="2022-06-13T17:48:56 IST">
          <reporter-output>
          </reporter-output>
        </test-method> <!-- setUp -->
        <test-method status="PASS" signature="openPage()[pri:0, instance:testCases.RewardsTest@1500955a]" name="openPage" is-config="true" duration-ms="2818" started-at="2022-06-13T17:48:56 IST" finished-at="2022-06-13T17:48:59 IST">
          <reporter-output>
          </reporter-output>
        </test-method> <!-- openPage -->
        <test-method status="PASS" signature="verifyClickingCreateNewButtonLeadsToRewardCreationPageTest()[pri:0, instance:testCases.RewardsTest@1500955a]" name="verifyClickingCreateNewButtonLeadsToRewardCreationPageTest" duration-ms="5358" started-at="2022-06-13T17:48:59 IST" finished-at="2022-06-13T17:49:04 IST">
          <reporter-output>
          </reporter-output>
        </test-method> <!-- verifyClickingCreateNewButtonLeadsToRewardCreationPageTest -->
        <test-method status="PASS" signature="tearDown()[pri:0, instance:testCases.RewardsTest@1500955a]" name="tearDown" is-config="true" duration-ms="233" started-at="2022-06-13T17:49:04 IST" finished-at="2022-06-13T17:49:05 IST">
          <reporter-output>
          </reporter-output>
        </test-method> <!-- tearDown -->
      </class> <!-- testCases.RewardsTest -->
    </test> <!-- Dashboard -->
  </suite> <!-- PerxTech -->
</testng-results>
