<?xml version="1.0" encoding="UTF-8"?>
<testng-results skipped="0" failed="1" ignored="0" total="1" passed="0">
  <reporter-output>
  </reporter-output>
  <suite name="Default suite" duration-ms="45384" started-at="2022-06-13T17:25:45 IST" finished-at="2022-06-13T17:26:31 IST">
    <groups>
    </groups>
    <test name="Default test" duration-ms="45384" started-at="2022-06-13T17:25:45 IST" finished-at="2022-06-13T17:26:31 IST">
      <class name="testCases.RewardCreationTest">
        <test-method status="PASS" signature="startLogs()[pri:0, instance:testCases.RewardCreationTest@12f41634]" name="startLogs" is-config="true" duration-ms="15" started-at="2022-06-13T17:25:45 IST" finished-at="2022-06-13T17:25:45 IST">
          <reporter-output>
          </reporter-output>
        </test-method> <!-- startLogs -->
        <test-method status="PASS" signature="setUp()[pri:0, instance:testCases.RewardCreationTest@12f41634]" name="setUp" is-config="true" duration-ms="3536" started-at="2022-06-13T17:25:45 IST" finished-at="2022-06-13T17:25:49 IST">
          <reporter-output>
          </reporter-output>
        </test-method> <!-- setUp -->
        <test-method status="PASS" signature="openPage()[pri:0, instance:testCases.RewardCreationTest@12f41634]" name="openPage" is-config="true" duration-ms="2876" started-at="2022-06-13T17:25:49 IST" finished-at="2022-06-13T17:25:52 IST">
          <reporter-output>
          </reporter-output>
        </test-method> <!-- openPage -->
        <test-method status="FAIL" signature="verifyBrandsTagsCategoriesLabelsFieldDisappersInPrivateTypeRewardTest()[pri:0, instance:testCases.RewardCreationTest@12f41634]" name="verifyBrandsTagsCategoriesLabelsFieldDisappersInPrivateTypeRewardTest" duration-ms="35533" started-at="2022-06-13T17:25:52 IST" finished-at="2022-06-13T17:26:27 IST">
          <exception class="java.lang.AssertionError">
            <message>
              <![CDATA[The following asserts failed:
fields did not disappear on private type of reward expected [true] but found [false]]]>
            </message>
            <full-stacktrace>
              <![CDATA[java.lang.AssertionError: The following asserts failed:
fields did not disappear on private type of reward expected [true] but found [false]
at org.testng.asserts.SoftAssert.assertAll(SoftAssert.java:47)
at org.testng.asserts.SoftAssert.assertAll(SoftAssert.java:31)
at testCases.RewardCreationTest.verifyBrandsTagsCategoriesLabelsFieldDisappersInPrivateTypeRewardTest(RewardCreationTest.java:72)
at sun.reflect.NativeMethodAccessorImpl.invoke0(Native Method)
at sun.reflect.NativeMethodAccessorImpl.invoke(NativeMethodAccessorImpl.java:62)
at sun.reflect.DelegatingMethodAccessorImpl.invoke(DelegatingMethodAccessorImpl.java:43)
at java.lang.reflect.Method.invoke(Method.java:498)
at org.testng.internal.MethodInvocationHelper.invokeMethod(MethodInvocationHelper.java:132)
at org.testng.internal.TestInvoker.invokeMethod(TestInvoker.java:599)
at org.testng.internal.TestInvoker.invokeTestMethod(TestInvoker.java:174)
at org.testng.internal.MethodRunner.runInSequence(MethodRunner.java:46)
at org.testng.internal.TestInvoker$MethodInvocationAgent.invoke(TestInvoker.java:822)
at org.testng.internal.TestInvoker.invokeTestMethods(TestInvoker.java:147)
at org.testng.internal.TestMethodWorker.invokeTestMethods(TestMethodWorker.java:146)
at org.testng.internal.TestMethodWorker.run(TestMethodWorker.java:128)
at java.util.ArrayList.forEach(ArrayList.java:1259)
at org.testng.TestRunner.privateRun(TestRunner.java:764)
at org.testng.TestRunner.run(TestRunner.java:585)
at org.testng.SuiteRunner.runTest(SuiteRunner.java:384)
at org.testng.SuiteRunner.runSequentially(SuiteRunner.java:378)
at org.testng.SuiteRunner.privateRun(SuiteRunner.java:337)
at org.testng.SuiteRunner.run(SuiteRunner.java:286)
at org.testng.SuiteRunnerWorker.runSuite(SuiteRunnerWorker.java:53)
at org.testng.SuiteRunnerWorker.run(SuiteRunnerWorker.java:96)
at org.testng.TestNG.runSuitesSequentially(TestNG.java:1218)
at org.testng.TestNG.runSuitesLocally(TestNG.java:1140)
at org.testng.TestNG.runSuites(TestNG.java:1069)
at org.testng.TestNG.run(TestNG.java:1037)
at org.testng.remote.AbstractRemoteTestNG.run(AbstractRemoteTestNG.java:115)
at org.testng.remote.RemoteTestNG.initAndRun(RemoteTestNG.java:251)
at org.testng.remote.RemoteTestNG.main(RemoteTestNG.java:77)
]]>
            </full-stacktrace>
          </exception> <!-- java.lang.AssertionError -->
          <reporter-output>
          </reporter-output>
        </test-method> <!-- verifyBrandsTagsCategoriesLabelsFieldDisappersInPrivateTypeRewardTest -->
        <test-method status="PASS" signature="tearDown()[pri:0, instance:testCases.RewardCreationTest@12f41634]" name="tearDown" is-config="true" duration-ms="246" started-at="2022-06-13T17:26:30 IST" finished-at="2022-06-13T17:26:31 IST">
          <reporter-output>
          </reporter-output>
        </test-method> <!-- tearDown -->
      </class> <!-- testCases.RewardCreationTest -->
    </test> <!-- Default test -->
  </suite> <!-- Default suite -->
</testng-results>
